=============================
Data: 27/06/2026 16:54:42
Nome: Mariana Queiroz
Email: queirozmarianadev@gmail.com
Telefone: (00) 00000-0000
Instituição: etec
Assunto: Outros
Mensagem: oi, quero conhecer a escola
Newsletter: Sim
=============================

=============================
Data: 27/06/2026 16:56:13
Nome: Mariana Queiroz
Email: queirozmarianadev@gmail.com
Telefone: (00) 00000-0000
Instituição: etec
Assunto: Outros
Mensagem: oi, quero conhecer a escola
Newsletter: Não
=============================

=============================
Data: 27/06/2026 16:57:12
Nome: Mariana Queiroz
Email: queirozmarianadev@gmail.com
Telefone: (00) 00000-0000
Instituição: etec
Assunto: Outros
Mensagem: oi, quero conhecer a escola
Newsletter: Não
=============================

=============================
Data: 27/06/2026 16:06:24
Nome: Mariana Queiroz
Email: queirozmarianadev@gmail.com
Telefone: (00) 00000-0000
Instituição: etec
Assunto: Outros
Mensagem: oi, quero conhecer a escola
Newsletter: Não
=============================

=============================
Data: 27/06/2026 16:38
Nome: Mariana Queiroz
Email: queirozmarianadev@gmail.com
Telefone: (00) 00000-0000
Instituição: etec
Assunto: Outros
Mensagem: oi, quero conhecer a escola
Newsletter: Não
=============================

=============================
Data: 27/06/2026 
Nome: Mariana Queiroz
Email: queirozmarianadev@gmail.com
Telefone: (00) 00000-0000
Instituição: etec
Assunto: Outros
Mensagem: oi, quero conhecer a escola
Newsletter: Não
=============================

=============================
Data: 27/06/2026
Nome: Mariana Queiroz
Email: queirozmarianadev@gmail.com
Telefone: (00) 00000-0000
Instituição: etec
Assunto: Outros
Mensagem: oi, quero conhecer a escola
Newsletter: Não
=============================

=============================
Data: 27/06/2026 14:02:26
Nome: Mariana Queiroz
Email: queirozmarianadev@gmail.com
Telefone: (00) 00000-0000
Instituição: etec
Assunto: Outros
Mensagem: oi, quero conhecer a escola
Newsletter: Sim
=============================

=============================
Data: 27/06/2026 às 14:04
Nome: Mariana Queiroz
Email: queirozmarianadev@gmail.com
Telefone: (00) 00000-0000
Instituição: etec
Assunto: Outros
Mensagem: oi, quero conhecer a escola
Newsletter: Sim
=============================

=============================
Data: 27/06/2026 às 14:05
Nome: Mariana Queiroz
Email: queirozmarianadev@gmail.com
Telefone: (00) 00000-0000
Instituição: etec
Assunto: Outros
Mensagem: oi, quero conhecer a escola
Newsletter: Sim
=============================

=============================
Data: 27/06/2026 às 14:08:00
Nome: Mariana Queiroz
Email: queirozmarianadev@gmail.com
Telefone: (00) 00000-0000
Instituição: etec
Assunto: Outros
Mensagem: oi, quero conhecer a escola
Newsletter: Sim
=============================

=============================
Data: 27/06/2026 às 14:10
Nome: Mariana Queiroz
Email: queirozmarianadev@gmail.com
Telefone: (00) 00000-0000
Instituição: etec
Assunto: Outros
Mensagem: oi, quero conhecer a escola
Newsletter: Sim
=============================

=============================
Data: 27/06/2026 às 14:11
Nome: Mariana Queiroz
Email: queirozmarianadev@gmail.com
Telefone: (00) 00000-0000
Instituição: etec
Assunto: Outros
Mensagem: oi, quero conhecer a escola
Newsletter: Sim
=============================

=============================
Data: 27/06/2026 às 14:48
Nome: Mariana Queiroz
Email: queirozmarianadev@gmail.com
Telefone: (00) 00000-0000
Instituição: etec
Assunto: Outros
Mensagem: oi, quero conhecer a escola
Newsletter: Sim
=============================

=============================
Data: 27/06/2026 às 15:17
Nome: Mariana Queiroz
Email: queirozmarianadev@gmail.com
Telefone: (00) 00000-0000
Instituição: etec
Assunto: Outros
Mensagem: oi, quero conhecer a escola
Newsletter: Sim
=============================

